allexport      	off
braceexpand    	on
emacs          	off
errexit        	on
errtrace       	off
functrace      	off
hashall        	on
histexpand     	off
history        	off
ignoreeof      	off
interactive-comments	on
keyword        	off
monitor        	off
noclobber      	off
noexec         	off
noglob         	off
nolog          	off
notify         	off
nounset        	off
onecmd         	off
physical       	off
pipefail       	off
posix          	off
privileged     	off
verbose        	off
vi             	off
xtrace         	off
no change     /usr/local/software/archive/linux-scientific7-x86_64/gcc-9/miniconda3-4.7.12.1-rmuek6r3f6p3v6fdj7o2klyzta3qhslh/condabin/conda
no change     /usr/local/software/archive/linux-scientific7-x86_64/gcc-9/miniconda3-4.7.12.1-rmuek6r3f6p3v6fdj7o2klyzta3qhslh/bin/conda
no change     /usr/local/software/archive/linux-scientific7-x86_64/gcc-9/miniconda3-4.7.12.1-rmuek6r3f6p3v6fdj7o2klyzta3qhslh/bin/conda-env
no change     /usr/local/software/archive/linux-scientific7-x86_64/gcc-9/miniconda3-4.7.12.1-rmuek6r3f6p3v6fdj7o2klyzta3qhslh/bin/activate
no change     /usr/local/software/archive/linux-scientific7-x86_64/gcc-9/miniconda3-4.7.12.1-rmuek6r3f6p3v6fdj7o2klyzta3qhslh/bin/deactivate
no change     /usr/local/software/archive/linux-scientific7-x86_64/gcc-9/miniconda3-4.7.12.1-rmuek6r3f6p3v6fdj7o2klyzta3qhslh/etc/profile.d/conda.sh
no change     /usr/local/software/archive/linux-scientific7-x86_64/gcc-9/miniconda3-4.7.12.1-rmuek6r3f6p3v6fdj7o2klyzta3qhslh/etc/fish/conf.d/conda.fish
no change     /usr/local/software/archive/linux-scientific7-x86_64/gcc-9/miniconda3-4.7.12.1-rmuek6r3f6p3v6fdj7o2klyzta3qhslh/shell/condabin/Conda.psm1
no change     /usr/local/software/archive/linux-scientific7-x86_64/gcc-9/miniconda3-4.7.12.1-rmuek6r3f6p3v6fdj7o2klyzta3qhslh/shell/condabin/conda-hook.ps1
no change     /usr/local/software/archive/linux-scientific7-x86_64/gcc-9/miniconda3-4.7.12.1-rmuek6r3f6p3v6fdj7o2klyzta3qhslh/lib/python3.7/site-packages/xontrib/conda.xsh
no change     /usr/local/software/archive/linux-scientific7-x86_64/gcc-9/miniconda3-4.7.12.1-rmuek6r3f6p3v6fdj7o2klyzta3qhslh/etc/profile.d/conda.csh
no change     /home/yi260/.bashrc
No action taken.
Setting up working directory...
Running batch prediction process...
LoRA weights found in lora_r2_lr1e-05_s1000_cl128.pt -- loading resume training
Processing system 700...
Prediction for system 700 saved to ./predictions/lora_r2_lr1e-05_s1000_cl128/system700.npy.
Processing system 701...
Prediction for system 701 saved to ./predictions/lora_r2_lr1e-05_s1000_cl128/system701.npy.
Processing system 702...
Prediction for system 702 saved to ./predictions/lora_r2_lr1e-05_s1000_cl128/system702.npy.
Processing system 703...
Prediction for system 703 saved to ./predictions/lora_r2_lr1e-05_s1000_cl128/system703.npy.
Processing system 704...
Prediction for system 704 saved to ./predictions/lora_r2_lr1e-05_s1000_cl128/system704.npy.
Processing system 705...
Prediction for system 705 saved to ./predictions/lora_r2_lr1e-05_s1000_cl128/system705.npy.
Processing system 706...
Prediction for system 706 saved to ./predictions/lora_r2_lr1e-05_s1000_cl128/system706.npy.
Processing system 707...
Prediction for system 707 saved to ./predictions/lora_r2_lr1e-05_s1000_cl128/system707.npy.
Processing system 708...
Prediction for system 708 saved to ./predictions/lora_r2_lr1e-05_s1000_cl128/system708.npy.
Processing system 709...
Prediction for system 709 saved to ./predictions/lora_r2_lr1e-05_s1000_cl128/system709.npy.
Processing system 710...
Prediction for system 710 saved to ./predictions/lora_r2_lr1e-05_s1000_cl128/system710.npy.
Processing system 711...
Prediction for system 711 saved to ./predictions/lora_r2_lr1e-05_s1000_cl128/system711.npy.
Processing system 712...
Prediction for system 712 saved to ./predictions/lora_r2_lr1e-05_s1000_cl128/system712.npy.
Processing system 713...
Prediction for system 713 saved to ./predictions/lora_r2_lr1e-05_s1000_cl128/system713.npy.
Processing system 714...
Prediction for system 714 saved to ./predictions/lora_r2_lr1e-05_s1000_cl128/system714.npy.
Processing system 715...
Prediction for system 715 saved to ./predictions/lora_r2_lr1e-05_s1000_cl128/system715.npy.
Processing system 716...
Prediction for system 716 saved to ./predictions/lora_r2_lr1e-05_s1000_cl128/system716.npy.
Processing system 717...
Prediction for system 717 saved to ./predictions/lora_r2_lr1e-05_s1000_cl128/system717.npy.
Processing system 718...
Prediction for system 718 saved to ./predictions/lora_r2_lr1e-05_s1000_cl128/system718.npy.
Processing system 719...
Prediction for system 719 saved to ./predictions/lora_r2_lr1e-05_s1000_cl128/system719.npy.
Processing system 720...
Prediction for system 720 saved to ./predictions/lora_r2_lr1e-05_s1000_cl128/system720.npy.
Processing system 721...
Prediction for system 721 saved to ./predictions/lora_r2_lr1e-05_s1000_cl128/system721.npy.
Processing system 722...
Prediction for system 722 saved to ./predictions/lora_r2_lr1e-05_s1000_cl128/system722.npy.
Processing system 723...
Prediction for system 723 saved to ./predictions/lora_r2_lr1e-05_s1000_cl128/system723.npy.
Processing system 724...
Prediction for system 724 saved to ./predictions/lora_r2_lr1e-05_s1000_cl128/system724.npy.
Processing system 725...
Prediction for system 725 saved to ./predictions/lora_r2_lr1e-05_s1000_cl128/system725.npy.
Processing system 726...
Prediction for system 726 saved to ./predictions/lora_r2_lr1e-05_s1000_cl128/system726.npy.
Processing system 727...
Prediction for system 727 saved to ./predictions/lora_r2_lr1e-05_s1000_cl128/system727.npy.
Processing system 728...
Prediction for system 728 saved to ./predictions/lora_r2_lr1e-05_s1000_cl128/system728.npy.
Processing system 729...
Prediction for system 729 saved to ./predictions/lora_r2_lr1e-05_s1000_cl128/system729.npy.
Batch prediction completed.
Organizing output files...
All files have been moved successfully.
Training complete.
