10.6
10.6
1.31
1.31
3.13
3.13
6.33
6.33
1.14
1.14
1.06
1.06
3.19
3.19
1.78
1.78
8.36
8.36
4.8
4.8
1.63
1.63
10.5
10.5
6.74
6.74
1.68
1.68
11.4
11.4
8.29
8.29
4.44
4.44
3.14
3.14
7.61
7.61
8.13
8.13
5.11
5.11
2.99
2.99
2.54
2.54
4.22
4.22
4.47
4.47
3.96
3.96
2.44
2.44
4.38
4.38
3.1
3.1
4.4
4.4
3.49
3.49
7.01
7.01
1.32
1.32
4.78
4.78
0.829
0.829
1.63
1.63
4.57
4.57
1.74
1.74
4.25
4.25
1.61
1.61
3.62
3.62
3.32
3.32
4.62
4.62
3.26
3.26
3.12
3.12
4.86
4.86
2.6
2.6
1.87
1.87
1.33
1.33
1.86
1.86
1.2
1.2
1.56
1.56
1.24
1.24
1.3
1.3
3.55
3.55
3.47
3.47
1.32
1.32
2.78
2.78
2.71
2.71
0.89
0.89
0.939
0.939
1.31
1.31
2.97
2.97
1.24
1.24
1.22
1.22
1.12
1.12
3.86
3.86
2.92
2.92
2.49
2.49
1.23
1.23
1.44
1.44
1.24
1.24
1.24
1.24
1.03
1.03
1.04
1.04
1.05
1.05
1.26
1.26
1.2
1.2
0.686
0.686
1.2
1.2
1.05
1.05
1.24
1.24
1.08
1.08
1.01
1.01
0.856
0.856
2
2
1.62
1.62
0.946
0.946
1.1
1.1
1.12
1.12
2.13
2.13
1.11
1.11
0.883
0.883
1.2
1.2
1.11
1.11
1.16
1.16
0.776
0.776
0.805
0.805
0.978
0.978
0.827
0.827
0.876
0.876
3.89
3.89
0.756
0.756
1.11
1.11
1.72
1.72
0.892
0.892
0.858
0.858
1.23
1.23
1.11
1.11
2.9
2.9
1
1
0.758
0.758
0.865
0.865
0.704
0.704
1.06
1.06
3.57
3.57
0.768
0.768
0.95
0.95
1.02
1.02
0.774
0.774
0.999
0.999
2.35
2.35
1.03
1.03
1.05
1.05
0.88
0.88
0.947
0.947
0.927
0.927
0.959
0.959
2.34
2.34
0.773
0.773
0.73
0.73
0.994
0.994
0.804
0.804
0.973
0.973
0.882
0.882
0.719
0.719
0.742
0.742
0.738
0.738
1
1
0.69
0.69
0.869
0.869
0.901
0.901
1.01
1.01
0.871
0.871
0.852
0.852
0.669
0.669
1.22
1.22
0.659
0.659
0.963
0.963
0.839
0.839
0.649
0.649
0.951
0.951
1.16
1.16
0.508
0.508
0.951
0.951
0.508
0.508
0.963
0.963
1.11
1.11
1.09
1.09
0.864
0.864
0.821
0.821
0.642
0.642
0.757
0.757
0.749
0.749
0.934
0.934
0.778
0.778
0.844
0.844
0.981
0.981
0.73
0.73
0.702
0.702
0.842
0.842
0.917
0.917
0.845
0.845
0.793
0.793
1.11
1.11
0.854
0.854
0.986
0.986
0.765
0.765
0.79
0.79
0.589
0.589
0.813
0.813
0.793
0.793
0.871
0.871
0.894
0.894
1.05
1.05
0.594
0.594
1.16
1.16
0.876
0.876
1.11
1.11
0.846
0.846
0.587
0.587
0.811
0.811
0.609
0.609
0.922
0.922
0.842
0.842
0.419
0.419
0.587
0.587
1.04
1.04
0.782
0.782
0.77
0.77
0.906
0.906
1.51
1.51
1
1
0.785
0.785
0.955
0.955
0.498
0.498
0.956
0.956
1.06
1.06
0.874
0.874
0.374
0.374
0.614
0.614
0.92
0.92
0.444
0.444
0.493
0.493
1.15
1.15
0.776
0.776
0.927
0.927
0.602
0.602
0.524
0.524
0.552
0.552
0.988
0.988
0.634
0.634
0.541
0.541
0.814
0.814
0.603
0.603
0.97
0.97
1.23
1.23
0.335
0.335
0.847
0.847
0.435
0.435
0.661
0.661
0.666
0.666
0.788
0.788
0.903
0.903
0.904
0.904
0.785
0.785
1.03
1.03
0.865
0.865
0.82
0.82
0.721
0.721
0.617
0.617
0.619
0.619
0.922
0.922
0.636
0.636
1.04
1.04
0.817
0.817
0.718
0.718
1.07
1.07
0.845
0.845
1.03
1.03
0.614
0.614
1.01
1.01
0.998
0.998
1.01
1.01
0.953
0.953
0.929
0.929
0.474
0.474
0.695
0.695
0.746
0.746
1.03
1.03
0.352
0.352
0.799
0.799
0.758
0.758
0.716
0.716
0.863
0.863
0.703
0.703
0.836
0.836
0.633
0.633
0.438
0.438
0.578
0.578
0.767
0.767
0.724
0.724
0.355
0.355
0.893
0.893
0.993
0.993
0.842
0.842
0.954
0.954
0.51
0.51
0.798
0.798
0.756
0.756
0.935
0.935
0.891
0.891
0.721
0.721
0.791
0.791
1.02
1.02
0.985
0.985
0.661
0.661
1.15
1.15
0.854
0.854
0.854
0.854
0.899
0.899
0.69
0.69
1
1
1.12
1.12
1.08
1.08
0.657
0.657
0.674
0.674
0.934
0.934
0.925
0.925
0.891
0.891
0.756
0.756
0.408
0.408
0.772
0.772
2.04
2.04
0.533
0.533
0.816
0.816
1.06
1.06
0.486
0.486
0.582
0.582
0.96
0.96
0.682
0.682
0.787
0.787
2.31
2.31
1.04
1.04
1.02
1.02
0.769
0.769
0.681
0.681
0.589
0.589
0.565
0.565
0.891
0.891
0.83
0.83
0.795
0.795
0.91
0.91
0.494
0.494
0.723
0.723
0.874
0.874
0.651
0.651
0.789
0.789
0.893
0.893
0.761
0.761
0.799
0.799
0.895
0.895
0.788
0.788
0.86
0.86
0.558
0.558
0.634
0.634
0.494
0.494
0.609
0.609
0.864
0.864
0.468
0.468
1.01
1.01
1.91
1.91
0.693
0.693
0.326
0.326
0.872
0.872
0.792
0.792
0.912
0.912
0.784
0.784
0.979
0.979
0.85
0.85
0.851
0.851
0.773
0.773
0.89
0.89
0.648
0.648
0.885
0.885
0.853
0.853
0.811
0.811
0.735
0.735
0.815
0.815
0.823
0.823
0.857
0.857
0.891
0.891
0.798
0.798
0.406
0.406
0.822
0.822
0.592
0.592
0.59
0.59
0.937
0.937
0.719
0.719
0.836
0.836
0.711
0.711
0.698
0.698
0.725
0.725
0.608
0.608
0.731
0.731
0.571
0.571
0.845
0.845
0.694
0.694
0.57
0.57
0.503
0.503
0.739
0.739
1.04
1.04
1.64
1.64
0.67
0.67
1.03
1.03
0.464
0.464
0.718
0.718
0.887
0.887
0.588
0.588
0.675
0.675
0.67
0.67
0.935
0.935
0.781
0.781
0.607
0.607
0.645
0.645
0.873
0.873
0.777
0.777
0.855
0.855
0.417
0.417
0.699
0.699
0.807
0.807
0.585
0.585
0.822
0.822
0.712
0.712
0.511
0.511
0.851
0.851
0.778
0.778
0.76
0.76
0.721
0.721
0.453
0.453
0.57
0.57
0.657
0.657
0.819
0.819
0.601
0.601
0.709
0.709
0.702
0.702
0.943
0.943
0.701
0.701
0.208
0.208
0.799
0.799
0.912
0.912
0.56
0.56
0.86
0.86
0.704
0.704
0.764
0.764
0.649
0.649
0.691
0.691
0.781
0.781
0.504
0.504
0.658
0.658
0.795
0.795
1.59
1.59
0.536
0.536
0.704
0.704
0.673
0.673
0.803
0.803
0.907
0.907
0.599
0.599
0.701
0.701
0.801
0.801
0.586
0.586
0.955
0.955
0.555
0.555
0.904
0.904
0.832
0.832
0.645
0.645
0.719
0.719
0.921
0.921
0.641
0.641
0.568
0.568
0.769
0.769
0.687
0.687
0.575
0.575
0.967
0.967
0.49
0.49
0.847
0.847
0.637
0.637
0.838
0.838
0.938
0.938
0.67
0.67
0.503
0.503
0.821
0.821
0.75
0.75
0.443
0.443
0.969
0.969
0.562
0.562
0.801
0.801
0.356
0.356
0.658
0.658
0.761
0.761
0.575
0.575
0.678
0.678
0.93
0.93
0.882
0.882
0.688
0.688
0.459
0.459
0.496
0.496
0.638
0.638
0.927
0.927
0.706
0.706
0.498
0.498
0.871
0.871
0.464
0.464
0.718
0.718
0.668
0.668
0.538
0.538
0.676
0.676
0.877
0.877
1.08
1.08
0.426
0.426
0.915
0.915
0.596
0.596
0.918
0.918
0.676
0.676
0.515
0.515
0.227
0.227
0.496
0.496
0.798
0.798
0.522
0.522
0.84
0.84
0.612
0.612
0.446
0.446
0.796
0.796
0.583
0.583
0.913
0.913
1.07
1.07
0.964
0.964
0.787
0.787
0.494
0.494
0.867
0.867
0.768
0.768
0.653
0.653
0.664
0.664
0.563
0.563
0.433
0.433
0.422
0.422
0.775
0.775
0.674
0.674
0.497
0.497
0.67
0.67
0.55
0.55
0.246
0.246
0.741
0.741
0.546
0.546
0.57
0.57
0.811
0.811
0.75
0.75
0.88
0.88
0.997
0.997
0.547
0.547
0.806
0.806
0.832
0.832
0.467
0.467
0.729
0.729
0.826
0.826
0.612
0.612
0.769
0.769
0.544
0.544
0.643
0.643
0.634
0.634
0.935
0.935
0.287
0.287
0.734
0.734
0.362
0.362
0.679
0.679
0.781
0.781
0.657
0.657
0.989
0.989
0.733
0.733
0.481
0.481
0.642
0.642
0.661
0.661
0.961
0.961
0.443
0.443
0.76
0.76
0.638
0.638
0.748
0.748
0.668
0.668
0.564
0.564
0.64
0.64
0.313
0.313
0.671
0.671
0.609
0.609
0.718
0.718
0.656
0.656
0.677
0.677
0.462
0.462
0.649
0.649
0.513
0.513
0.612
0.612
0.815
0.815
0.746
0.746
0.67
0.67
0.692
0.692
0.882
0.882
0.784
0.784
0.813
0.813
0.555
0.555
0.931
0.931
0.803
0.803
0.413
0.413
0.872
0.872
0.499
0.499
0.837
0.837
0.484
0.484
0.604
0.604
0.702
0.702
0.823
0.823
0.487
0.487
0.717
0.717
0.917
0.917
0.879
0.879
0.747
0.747
0.806
0.806
0.839
0.839
0.928
0.928
0.71
0.71
0.549
0.549
0.389
0.389
0.854
0.854
0.538
0.538
0.897
0.897
0.749
0.749
0.555
0.555
0.405
0.405
0.735
0.735
0.665
0.665
0.82
0.82
0.409
0.409
0.539
0.539
0.838
0.838
0.571
0.571
0.571
0.853
0.853
0.808
0.808
0.635
0.635
0.647
0.647
0.619
0.619
0.765
0.765
0.513
0.513
0.779
0.779
0.502
0.502
0.632
0.632
0.567
0.567
0.674
0.674
0.578
0.578
0.915
0.915
0.497
0.497
0.775
0.775
0.556
0.556
0.504
0.504
0.609
0.609
0.557
0.557
0.592
0.592
0.517
0.517
0.669
0.669
0.709
0.709
0.878
0.878
0.779
0.779
0.856
0.856
0.636
0.636
0.554
0.554
0.958
0.958
0.205
0.205
0.819
0.819
0.781
0.781
0.556
0.556
0.71
0.71
0.415
0.415
0.823
0.823
0.916
0.916
0.283
0.283
0.376
0.376
0.457
0.457
0.871
0.871
0.526
0.526
0.794
0.794
0.548
0.548
0.495
0.495
0.633
0.633
0.691
0.691
0.514
0.514
0.762
0.762
0.747
0.747
0.68
0.68
0.605
0.605
0.602
0.602
0.498
0.498
0.756
0.756
0.782
0.782
0.467
0.467
0.436
0.436
0.909
0.909
0.682
0.682
0.371
0.371
0.652
0.652
0.674
0.674
0.76
0.76
0.461
0.461
0.819
0.819
0.703
0.703
0.661
0.661
0.626
0.626
0.534
0.534
0.563
0.563
0.56
0.56
0.59
0.59
0.878
0.878
0.471
0.471
0.602
0.602
0.74
0.74
0.589
0.589
0.57
0.57
0.533
0.533
0.323
0.323
0.632
0.632
0.498
0.498
0.539
0.539
0.521
0.521
0.475
0.475
0.797
0.797
0.731
0.731
0.698
0.698
0.619
0.619
0.507
0.507
0.867
0.867
0.358
0.358
0.586
0.586
0.644
0.644
0.787
0.787
0.744
0.744
0.461
0.461
0.518
0.518
0.373
0.373
0.679
0.679
0.716
0.716
0.732
0.732
0.619
0.619
0.589
0.589
0.723
0.723
0.758
0.758
0.899
0.899
0.799
0.799
0.59
0.59
0.647
0.647
0.439
0.439
0.721
0.721
0.414
0.414
0.675
0.675
0.611
0.611
0.678
0.678
0.668
0.668
0.529
0.529
0.656
0.656
0.785
0.785
0.688
0.688
0.648
0.648
0.439
0.439
0.381
0.381
0.688
0.688
0.927
0.927
0.551
0.551
0.797
0.797
0.393
0.393
0.924
0.924
0.694
0.694
0.586
0.586
0.564
0.564
0.518
0.518
0.674
0.674
0.659
0.659
0.415
0.415
0.623
0.623
0.75
0.75
0.704
0.704
0.682
0.682
0.568
0.568
0.402
0.402
0.782
0.782
0.524
0.524
0.672
0.672
0.784
0.784
0.553
0.553
0.691
0.691
0.591
0.591
0.543
0.543
0.814
0.814
0.742
0.742
0.663
0.663
0.508
0.508
0.819
0.819
0.671
0.671
0.742
0.742
0.599
0.599
0.531
0.531
0.664
0.664
0.678
0.678
0.592
0.592
0.356
0.356
0.683
0.683
0.482
0.482
0.372
0.372
0.632
0.632
0.472
0.472
0.681
0.681
0.554
0.554
0.693
0.693
0.931
0.931
0.467
0.467
0.769
0.769
0.35
0.35
0.553
0.553
0.519
0.519
0.425
0.425
0.64
0.64
0.66
0.66
0.722
0.722
0.757
0.757
0.54
0.54
0.646
0.646
0.458
0.458
0.599
0.599
0.445
0.445
0.506
0.506
0.922
0.922
0.837
0.837
0.106
0.106
0.721
0.721
0.606
0.606
0.688
0.688
0.641
0.641
0.693
0.693
0.541
0.541
0.736
0.736
0.449
0.449
0.747
0.747
0.881
0.881
0.663
0.663
0.856
0.856
0.889
0.889
0.524
0.524
0.301
0.301
0.828
0.828
0.692
0.692
0.546
0.546
0.303
0.303
0.812
0.812
0.639
0.639
0.357
0.357
0.599
0.599
0.567
0.567
0.555
0.555
0.751
0.751
0.778
0.778
0.661
0.661
0.771
0.771
0.766
0.766
0.481
0.481
0.674
0.674
0.663
0.663
0.666
0.666
0.641
0.641
0.424
0.424
0.714
0.714
0.656
0.656
0.637
0.637
0.288
0.288
0.217
0.217
0.534
0.534
0.523
0.523
0.555
0.555
0.732
0.732
0.407
0.407
0.563
0.563
0.564
0.564
0.236
0.236
0.711
0.711
0.469
0.469
0.497
0.497
0.528
0.528
0.725
0.725
0.583
0.583
0.526
0.526
0.652
0.652
0.512
0.512
0.622
0.622
0.834
0.834
0.573
0.573
0.571
0.571
0.714
0.714
0.43
0.43
0.456
0.456
0.488
0.488
0.556
0.556
0.436
0.436
0.738
0.738
0.952
0.952
0.376
0.376
0.619
0.619
0.622
0.622
0.504
0.504
0.964
0.964
0.68
0.68
0.268
0.268
0.521
0.521
0.571
0.571
0.54
0.54
0.49
0.49
0.465
0.465
0.748
0.748
0.341
0.341
0.637
0.637
0.72
0.72
0.802
0.802
0.477
0.477
0.5
0.5
0.426
0.426
0.883
0.883
0.605
0.605
0.786
0.786
0.701
0.701
0.502
0.502
0.606
0.606
0.777
0.777
0.711
0.711
0.52
0.52
0.531
0.531
0.597
0.597
0.757
0.757
0.705
0.705
0.748
0.748
0.705
0.705
0.473
0.473
0.538
0.538
0.676
0.676
0.359
0.359
0.611
0.611
0.47
0.47
0.824
0.824
0.709
0.709
0.631
0.631
0.562
0.562
0.569
0.569
0.669
0.669
0.597
0.597
0.627
0.627
0.802
0.802
0.673
0.673
0.603
0.603
0.505
0.505
0.574
0.574
0.67
0.67
0.706
0.706
0.544
0.544
0.641
0.641
0.601
0.601
0.571
0.571
0.685
0.685
0.466
0.466
0.753
0.753
0.695
0.695
0.717
0.717
0.534
0.534
0.505
0.505
0.737
0.737
0.346
0.346
0.612
0.612
0.872
0.872
0.463
0.463
0.743
0.743
0.777
0.777
0.824
0.824
0.405
0.405
0.34
0.34
0.783
0.783
0.797
0.797
0.919
0.919
0.664
0.664
0.609
0.609
0.439
0.439
0.826
0.826
0.395
0.395
0.804
0.804
0.62
0.62
0.582
0.582
0.525
0.525
0.441
0.441
0.867
0.867
0.405
0.405
0.712
0.712
0.731
0.731
0.623
0.623
0.601
0.601
0.668
0.668
0.729
0.729
0.432
0.432
0.589
0.589
0.495
0.495
0.524
0.524
0.606
0.606
0.672
0.672
0.436
0.436
0.803
0.803
0.753
0.753
0.498
0.498
0.485
0.485
0.538
0.538
0.878
0.878
0.515
0.515
0.854
0.854
0.687
0.687
0.545
0.545
0.726
0.726
0.52
0.52
0.391
0.391
0.674
0.674
0.593
0.593
0.701
0.701
0.394
0.394
0.583
0.583
0.531
0.531
