5.68
5.68
3.5
3.5
5.94
5.94
1.71
1.71
1.79
1.79
8.62
8.62
3.31
3.31
7.27
7.27
6.48
6.48
7.95
7.95
4.56
4.56
7.29
7.29
1.12
1.12
2.9
2.9
5.03
5.03
2.1
2.1
7.21
7.21
2.01
2.01
2.69
2.69
3.88
3.88
2.91
2.91
5.76
5.76
1.96
1.96
1.39
1.39
3.18
3.18
1.48
1.48
2.63
2.63
4.1
4.1
1.7
1.7
1.29
1.29
2.26
2.26
1.55
1.55
1.51
1.51
1.42
1.42
1.5
1.5
1.27
1.27
1.21
1.21
2.58
2.58
1.46
1.46
1.28
1.28
1.05
1.05
3.69
3.69
1.13
1.13
1.17
1.17
1.28
1.28
1.25
1.25
1.06
1.06
2.19
2.19
1.29
1.29
3.21
3.21
1.24
1.24
1.08
1.08
1.87
1.87
1.36
1.36
1.44
1.44
1.09
1.09
0.928
0.928
1.01
1.01
1.96
1.96
1.01
1.01
1.6
1.6
1.1
1.1
1.89
1.89
3.26
3.26
1.17
1.17
0.723
0.723
0.99
0.99
1.13
1.13
0.982
0.982
0.984
0.984
0.933
0.933
0.818
0.818
1.14
1.14
1.22
1.22
0.96
0.96
1.2
1.2
0.913
0.913
0.841
0.841
1.2
1.2
0.709
0.709
0.953
0.953
0.86
0.86
0.939
0.939
0.684
0.684
0.773
0.773
0.919
0.919
0.681
0.681
0.819
0.819
0.807
0.807
1.1
1.1
1.09
1.09
0.956
0.956
0.922
0.922
1.21
1.21
0.722
0.722
0.891
0.891
0.546
0.546
1.06
1.06
1.05
1.05
0.855
0.855
1.08
1.08
0.917
0.917
1.09
1.09
0.89
0.89
0.976
0.976
0.565
0.565
1.67
1.67
0.964
0.964
0.66
0.66
0.846
0.846
0.908
0.908
0.801
0.801
0.394
0.394
0.974
0.974
0.727
0.727
0.781
0.781
0.461
0.461
0.877
0.877
0.715
0.715
0.909
0.909
1.05
1.05
0.745
0.745
0.966
0.966
0.696
0.696
0.683
0.683
0.584
0.584
0.659
0.659
0.573
0.573
0.831
0.831
1.87
1.87
1.11
1.11
0.853
0.853
1.03
1.03
0.981
0.981
0.833
0.833
0.96
0.96
0.768
0.768
0.726
0.726
0.494
0.494
0.776
0.776
0.896
0.896
0.72
0.72
0.891
0.891
0.689
0.689
0.715
0.715
0.599
0.599
1.08
1.08
0.477
0.477
0.488
0.488
0.582
0.582
0.772
0.772
0.505
0.505
0.815
0.815
0.683
0.683
0.695
0.695
2.4
2.4
0.816
0.816
0.522
0.522
0.473
0.473
0.595
0.595
0.71
0.71
0.935
0.935
0.662
0.662
0.476
0.476
0.864
0.864
0.93
0.93
0.758
0.758
0.706
0.706
0.405
0.405
0.79
0.79
0.746
0.746
0.715
0.715
0.747
0.747
0.778
0.778
0.464
0.464
0.87
0.87
0.769
0.769
0.532
0.532
0.394
0.394
0.848
0.848
0.51
0.51
0.602
0.602
0.732
0.732
0.468
0.468
0.733
0.733
0.658
0.658
0.783
0.783
0.694
0.694
0.717
0.717
0.602
0.602
0.537
0.537
0.861
0.861
0.634
0.634
0.823
0.823
0.602
0.602
0.821
0.821
0.785
0.785
0.352
0.352
0.906
0.906
0.602
0.602
0.747
0.747
0.464
0.464
0.613
0.613
0.737
0.737
0.341
0.341
0.528
0.528
0.914
0.914
0.949
0.949
0.752
0.752
0.862
0.862
0.527
0.527
0.88
0.88
0.543
0.543
0.765
0.765
0.685
0.685
0.606
0.606
0.946
0.946
1.07
1.07
0.979
0.979
2.12
2.12
0.698
0.698
0.795
0.795
1.32
1.32
0.84
0.84
0.847
0.847
0.741
0.741
0.526
0.526
0.718
0.718
0.696
0.696
0.63
0.63
1.01
1.01
0.757
0.757
0.753
0.753
0.657
0.657
0.858
0.858
0.779
0.779
0.493
0.493
0.799
0.799
0.645
0.645
0.942
0.942
0.821
0.821
0.729
0.729
0.611
0.611
0.866
0.866
0.683
0.683
0.543
0.543
0.972
0.972
0.902
0.902
0.399
0.399
0.668
0.668
0.924
0.924
0.836
0.836
0.773
0.773
0.609
0.609
0.762
0.762
0.571
0.571
0.808
0.808
0.538
0.538
0.409
0.409
0.715
0.715
0.892
0.892
0.718
0.718
0.517
0.517
0.708
0.708
0.72
0.72
0.806
0.806
0.658
0.658
0.526
0.526
0.534
0.534
0.724
0.724
0.83
0.83
0.574
0.574
0.456
0.456
0.603
0.603
0.78
0.78
0.627
0.627
0.735
0.735
0.729
0.729
0.821
0.821
0.898
0.898
0.774
0.774
0.772
0.772
0.78
0.78
1.06
1.06
0.714
0.714
0.76
0.76
0.628
0.628
0.561
0.561
0.681
0.681
0.538
0.538
0.703
0.703
0.525
0.525
0.765
0.765
0.688
0.688
0.789
0.789
0.832
0.832
0.84
0.84
0.292
0.292
0.399
0.399
0.852
0.852
0.599
0.599
0.599
0.599
0.812
0.812
0.55
0.55
0.672
0.672
0.701
0.701
0.771
0.771
0.686
0.686
0.787
0.787
0.637
0.637
0.728
0.728
0.752
0.752
0.742
0.742
0.842
0.842
0.436
0.436
0.287
0.287
0.69
0.69
0.618
0.618
0.549
0.549
0.587
0.587
0.7
0.7
0.383
0.383
0.656
0.656
0.872
0.872
0.573
0.573
0.752
0.752
0.713
0.713
0.812
0.812
0.643
0.643
0.652
0.652
0.754
0.754
0.753
0.753
0.65
0.65
0.808
0.808
0.785
0.785
0.712
0.712
0.536
0.536
0.675
0.675
0.811
0.811
0.662
0.662
0.846
0.846
0.621
0.621
0.864
0.864
0.495
0.495
0.886
0.886
0.684
0.684
0.77
0.77
0.597
0.597
0.915
0.915
0.735
0.735
0.89
0.89
0.369
0.369
0.598
0.598
0.455
0.455
0.659
0.659
0.64
0.64
0.637
0.637
0.809
0.809
0.693
0.693
0.619
0.619
0.548
0.548
0.672
0.672
0.823
0.823
0.315
0.315
0.319
0.319
0.66
0.66
0.693
0.693
0.653
0.653
0.397
0.397
0.734
0.734
0.672
0.672
0.462
0.462
0.864
0.864
0.644
0.644
0.683
0.683
0.495
0.495
0.595
0.595
0.844
0.844
0.777
0.777
0.616
0.616
0.56
0.56
0.563
0.563
0.616
0.616
0.64
0.64
0.546
0.546
0.668
0.668
0.831
0.831
0.726
0.726
0.71
0.71
0.737
0.737
0.342
0.342
0.557
0.557
0.572
0.572
0.89
0.89
0.757
0.757
0.916
0.916
0.556
0.556
0.723
0.723
0.51
0.51
0.614
0.614
0.719
0.719
0.271
0.271
0.69
0.69
0.749
0.749
0.649
0.649
0.31
0.31
0.781
0.781
0.63
0.63
0.751
0.751
0.484
0.484
0.676
0.676
0.85
0.85
0.451
0.451
0.22
0.22
0.7
0.7
0.485
0.485
0.559
0.559
0.586
0.586
0.668
0.668
0.5
0.5
0.454
0.454
0.495
0.495
0.476
0.476
0.654
0.654
0.475
0.475
0.602
0.602
0.526
0.526
0.546
0.546
0.953
0.953
0.563
0.563
0.59
0.59
0.781
0.781
0.78
0.78
0.858
0.858
0.339
0.339
0.593
0.593
0.673
0.673
0.8
0.8
0.862
0.862
0.774
0.774
0.57
0.57
0.765
0.765
0.684
0.684
0.516
0.516
0.602
0.602
0.68
0.68
0.576
0.576
0.505
0.505
0.665
0.665
0.636
0.636
0.563
0.563
0.312
0.312
0.464
0.464
0.822
0.822
0.567
0.567
0.525
0.525
0.715
0.715
0.668
0.668
0.776
0.776
0.862
0.862
0.864
0.864
0.466
0.466
0.669
0.669
0.867
0.867
0.562
0.562
0.626
0.626
0.718
0.718
0.383
0.383
0.778
0.778
0.509
0.509
0.626
0.626
0.594
0.594
0.463
0.463
0.903
0.903
0.521
0.521
0.641
0.641
0.417
0.417
0.688
0.688
0.623
0.623
0.726
0.726
0.651
0.651
0.776
0.776
0.764
0.764
0.778
0.778
0.406
0.406
0.44
0.44
0.551
0.551
0.767
0.767
0.483
0.483
0.405
0.405
0.375
0.375
0.544
0.544
0.634
0.634
0.862
0.862
0.513
0.513
0.645
0.645
0.523
0.523
0.62
0.62
0.47
0.47
0.648
0.648
0.641
0.641
0.688
0.688
0.901
0.901
0.755
0.755
0.789
0.789
0.813
0.813
0.385
0.385
0.495
0.495
0.359
0.359
0.457
0.457
0.691
0.691
0.507
0.507
0.819
0.819
0.683
0.683
0.793
0.793
0.458
0.458
0.424
0.424
0.675
0.675
0.958
0.958
0.558
0.558
0.3
0.3
0.838
0.838
0.787
0.787
0.646
0.646
0.804
0.804
0.705
0.705
0.591
0.591
0.341
0.341
0.253
0.253
0.51
0.51
0.619
0.619
0.75
0.75
0.571
0.571
0.619
0.619
0.648
0.648
0.768
0.768
0.53
0.53
0.532
0.532
0.727
0.727
0.436
0.436
0.261
0.261
0.657
0.657
0.457
0.457
0.578
0.578
0.581
0.581
0.668
0.668
0.801
0.801
0.335
0.335
0.6
0.6
0.675
0.675
0.668
0.668
0.852
0.852
0.792
0.792
0.573
0.573
0.825
0.825
0.779
0.779
0.732
0.732
0.29
0.29
0.422
0.422
0.71
0.71
0.792
0.792
0.47
0.47
0.562
0.562
0.565
0.565
0.674
0.674
0.615
0.615
0.876
0.876
0.771
0.771
0.514
0.514
0.674
0.674
0.47
0.47
0.74
0.74
0.629
0.629
0.549
0.549
0.399
0.399
0.67
0.67
0.715
0.715
0.445
0.445
0.562
0.562
0.583
0.583
0.521
0.521
0.773
0.773
0.353
0.353
0.858
0.858
0.447
0.447
0.764
0.764
0.728
0.728
0.286
0.286
0.637
0.637
0.606
0.606
0.811
0.811
0.816
0.816
0.586
0.586
0.42
0.42
0.713
0.713
0.633
0.633
0.367
0.367
0.65
0.65
0.47
0.47
0.446
0.446
0.526
0.526
0.646
0.646
0.565
0.565
0.705
0.705
0.784
0.784
0.67
0.67
0.639
0.639
0.806
0.806
0.578
0.578
0.774
0.774
0.771
0.771
0.697
0.697
0.697
0.559
0.559
0.411
0.411
0.665
0.665
0.432
0.432
0.635
0.635
0.462
0.462
0.446
0.446
0.748
0.748
0.676
0.676
0.687
0.687
0.79
0.79
0.685
0.685
0.812
0.812
0.431
0.431
0.649
0.649
0.702
0.702
0.45
0.45
0.81
0.81
0.571
0.571
0.621
0.621
0.533
0.533
0.714
0.714
0.556
0.556
0.552
0.552
0.485
0.485
0.696
0.696
0.699
0.699
0.714
0.714
0.488
0.488
0.391
0.391
0.687
0.687
0.675
0.675
0.674
0.674
0.355
0.355
0.804
0.804
0.828
0.828
0.424
0.424
0.652
0.652
0.422
0.422
0.456
0.456
0.618
0.618
0.609
0.609
0.566
0.566
0.339
0.339
0.82
0.82
0.676
0.676
0.533
0.533
0.594
0.594
0.686
0.686
0.506
0.506
0.62
0.62
0.319
0.319
0.305
0.305
0.663
0.663
0.731
0.731
0.743
0.743
0.488
0.488
0.484
0.484
0.791
0.791
0.463
0.463
0.538
0.538
0.568
0.568
0.608
0.608
0.571
0.571
0.701
0.701
0.616
0.616
0.463
0.463
0.418
0.418
0.643
0.643
0.568
0.568
0.861
0.861
0.605
0.605
0.336
0.336
0.642
0.642
0.576
0.576
0.806
0.806
0.497
0.497
0.681
0.681
0.627
0.627
0.482
0.482
0.525
0.525
0.402
0.402
0.541
0.541
0.544
0.544
0.942
0.942
0.677
0.677
0.256
0.256
0.69
0.69
0.771
0.771
0.803
0.803
0.563
0.563
0.228
0.228
0.641
0.641
0.956
0.956
0.411
0.411
0.719
0.719
0.413
0.413
0.638
0.638
0.351
0.351
0.526
0.526
0.452
0.452
0.709
0.709
0.609
0.609
0.705
0.705
0.558
0.558
0.426
0.426
0.651
0.651
0.532
0.532
0.516
0.516
0.626
0.626
0.268
0.268
0.56
0.56
0.732
0.732
0.502
0.502
0.661
0.661
0.691
0.691
0.317
0.317
0.71
0.71
0.65
0.65
0.309
0.309
0.463
0.463
0.431
0.431
0.641
0.641
0.548
0.548
0.327
0.327
0.829
0.829
0.663
0.663
0.692
0.692
0.667
0.667
0.565
0.565
0.515
0.515
0.702
0.702
0.381
0.381
0.556
0.556
0.532
0.532
0.532
0.532
0.743
0.743
0.358
0.358
0.444
0.444
0.546
0.546
0.774
0.774
0.683
0.683
0.754
0.754
0.793
0.793
0.608
0.608
0.412
0.412
0.535
0.535
0.577
0.577
0.654
0.654
0.454
0.454
0.507
0.507
0.775
0.775
0.325
0.325
0.65
0.65
0.461
0.461
0.457
0.457
0.594
0.594
0.631
0.631
0.59
0.59
0.677
0.677
0.719
0.719
0.484
0.484
0.44
0.44
0.682
0.682
0.834
0.834
0.221
0.221
0.549
0.549
0.816
0.816
0.613
0.613
0.765
0.765
0.812
0.812
0.352
0.352
0.695
0.695
0.391
0.391
0.722
0.722
0.524
0.524
0.751
0.751
0.632
0.632
0.528
0.528
0.552
0.552
0.712
0.712
0.538
0.538
0.311
0.311
0.641
0.641
0.644
0.644
0.53
0.53
0.42
0.42
0.724
0.724
0.545
0.545
0.743
0.743
0.292
0.292
0.627
0.627
0.499
0.499
0.381
0.381
0.605
0.605
0.665
0.665
0.686
0.686
0.635
0.635
0.715
0.715
0.314
0.314
0.534
0.534
0.776
0.776
0.41
0.41
0.601
0.601
0.377
0.377
0.255
0.255
0.513
0.513
0.537
0.537
0.598
0.598
0.667
0.667
0.484
0.484
0.414
0.414
0.414
0.414
0.669
0.669
0.818
0.818
0.528
0.528
0.399
0.399
0.648
0.648
0.78
0.78
0.437
0.437
0.534
0.534
0.403
0.403
0.689
0.689
0.649
0.649
0.677
0.677
0.499
0.499
0.625
0.625
0.682
0.682
0.669
0.669
0.302
0.302
0.547
0.547
0.629
0.629
0.609
0.609
0.776
0.776
0.528
0.528
0.377
0.377
0.401
0.401
0.802
0.802
0.396
0.396
0.653
0.653
0.429
0.429
0.75
0.75
0.75
0.75
0.426
0.426
0.543
0.543
0.595
0.595
0.39
0.39
0.72
0.72
0.427
0.427
0.642
0.642
0.683
0.683
0.414
0.414
0.553
0.553
0.752
0.752
0.63
0.63
0.803
0.803
0.551
0.551
0.747
0.747
0.756
0.756
0.49
0.49
0.589
0.589
0.488
0.488
0.623
0.623
0.546
0.546
0.912
0.912
0.466
0.466
0.641
0.641
0.571
0.571
0.753
0.753
0.237
0.237
0.657
0.657
0.582
0.582
0.245
0.245
0.505
0.505
0.491
0.491
0.714
0.714
0.661
0.661
0.53
0.53
0.368
0.368
0.309
0.309
0.552
0.552
0.586
0.586
0.491
0.491
0.666
0.666
0.633
0.633
0.422
0.422
0.773
0.773
0.221
0.221
0.48
0.48
0.44
0.44
0.416
0.416
0.285
0.285
0.527
0.527
0.152
0.152
0.648
0.648
0.486
0.486
0.58
0.58
0.606
0.606
0.379
0.379
0.567
0.567
0.313
0.313
0.535
0.535
0.665
0.665
0.4
0.4
0.755
0.755
0.598
0.598
0.236
0.236
0.479
0.479
0.561
0.561
0.476
0.476
0.474
0.474
0.816
0.816
0.539
0.539
0.647
0.647
0.296
0.296
0.462
0.462
0.624
0.624
0.651
0.651
0.549
0.549
0.588
0.588
0.583
0.583
0.305
0.305
0.409
0.409
0.588
0.588
0.549
0.549
0.493
0.493
0.575
0.575
0.57
0.57
0.823
0.823
0.553
0.553
0.648
0.648
0.424
0.424
0.6
0.6
0.503
0.503
0.637
0.637
0.599
0.599
0.602
0.602
0.705
0.705
0.245
0.245
0.602
0.602
0.701
0.701
0.571
0.571
0.571
0.571
0.235
0.235
0.419
0.419
0.686
0.686
0.39
0.39
0.445
0.445
0.602
0.602
0.534
0.534
0.678
0.678
0.638
0.638
0.571
0.571
0.536
0.536
0.709
0.709
0.729
0.729
0.458
0.458
0.358
0.358
0.401
0.401
0.76
0.76
0.431
0.431
0.563
0.563
0.513
0.513
0.438
0.438
0.51
0.51
0.654
0.654
0.618
0.618
0.674
0.674
0.731
0.731
0.523
0.523
0.469
0.469
0.678
0.678
0.504
0.504
0.35
0.35
0.42
0.42
0.616
0.616
0.513
0.513
0.657
0.657
0.6
0.6
0.567
0.567
0.772
0.772
0.744
0.744
0.395
0.395
0.403
0.403
0.578
0.578
0.242
0.242
0.402
0.402
0.48
0.48
