5.98
5.98
5.07
5.07
5.57
5.57
5.95
5.95
5.67
5.67
3.07
3.07
5.41
5.41
6.78
6.78
3.32
3.32
4.73
4.73
1.2
1.2
3.76
3.76
1.29
1.29
2.08
2.08
1.56
1.56
3.69
3.69
4.18
4.18
4.54
4.54
2.97
2.97
1.75
1.75
1.65
1.65
2.81
2.81
3.18
3.18
3.87
3.87
1.24
1.24
5.84
5.84
2.26
2.26
1.17
1.17
2.02
2.02
2.99
2.99
1.93
1.93
1.9
1.9
1.54
1.54
1.08
1.08
1.95
1.95
1.06
1.06
1.21
1.21
1.05
1.05
1.94
1.94
1.14
1.14
1.17
1.17
2.8
2.8
2.41
2.41
1.48
1.48
1.38
1.38
1.58
1.58
1.03
1.03
1.04
1.04
1.15
1.15
1.17
1.17
1.02
1.02
1.06
1.06
1.02
1.02
0.948
0.948
0.852
0.852
0.717
0.717
0.965
0.965
1.1
1.1
1.02
1.02
1.06
1.06
3.69
3.69
1.08
1.08
1.18
1.18
0.91
0.91
0.805
0.805
1.13
1.13
0.705
0.705
0.933
0.933
0.739
0.739
1.07
1.07
0.697
0.697
1.32
1.32
0.881
0.881
0.896
0.896
1.06
1.06
1.2
1.2
0.753
0.753
0.794
0.794
0.809
0.809
0.653
0.653
1.14
1.14
0.904
0.904
0.625
0.625
0.744
0.744
1.04
1.04
0.983
0.983
0.664
0.664
0.866
0.866
0.905
0.905
0.844
0.844
1.1
1.1
0.549
0.549
0.872
0.872
0.985
0.985
0.788
0.788
0.804
0.804
0.857
0.857
0.906
0.906
1.08
1.08
0.901
0.901
0.79
0.79
1.05
1.05
0.778
0.778
0.927
0.927
0.783
0.783
0.735
0.735
0.721
0.721
0.705
0.705
0.858
0.858
0.795
0.795
0.9
0.9
0.947
0.947
0.737
0.737
0.501
0.501
1.06
1.06
0.86
0.86
0.713
0.713
0.929
0.929
0.411
0.411
0.475
0.475
0.61
0.61
1.01
1.01
0.948
0.948
0.86
0.86
0.869
0.869
0.575
0.575
0.799
0.799
0.657
0.657
0.772
0.772
0.499
0.499
0.693
0.693
0.798
0.798
0.72
0.72
0.794
0.794
0.713
0.713
0.682
0.682
0.655
0.655
0.461
0.461
0.499
0.499
0.489
0.489
0.578
0.578
0.611
0.611
0.405
0.405
0.731
0.731
0.517
0.517
0.736
0.736
0.527
0.527
0.612
0.612
0.741
0.741
0.651
0.651
0.875
0.875
0.552
0.552
0.652
0.652
1.04
1.04
0.973
0.973
0.859
0.859
0.826
0.826
0.433
0.433
0.534
0.534
1.05
1.05
0.475
0.475
0.852
0.852
0.823
0.823
0.815
0.815
0.584
0.584
1.02
1.02
0.769
0.769
0.405
0.405
0.745
0.745
0.485
0.485
0.587
0.587
0.691
0.691
0.884
0.884
0.934
0.934
0.745
0.745
0.594
0.594
0.821
0.821
0.809
0.809
0.759
0.759
0.693
0.693
0.991
0.991
0.791
0.791
0.475
0.475
0.474
0.474
0.766
0.766
0.495
0.495
0.777
0.777
0.567
0.567
0.768
0.768
0.799
0.799
0.705
0.705
0.659
0.659
0.733
0.733
0.681
0.681
0.504
0.504
0.727
0.727
0.9
0.9
0.721
0.721
0.839
0.839
0.525
0.525
0.145
0.145
0.618
0.618
0.815
0.815
0.714
0.714
0.612
0.612
0.615
0.615
0.728
0.728
0.751
0.751
0.652
0.652
0.655
0.655
0.784
0.784
1.37
1.37
0.63
0.63
0.73
0.73
0.719
0.719
0.354
0.354
0.731
0.731
0.517
0.517
0.845
0.845
0.821
0.821
1.01
1.01
0.887
0.887
0.526
0.526
0.498
0.498
0.441
0.441
0.641
0.641
0.713
0.713
0.607
0.607
0.653
0.653
0.629
0.629
0.608
0.608
0.623
0.623
0.594
0.594
0.84
0.84
0.95
0.95
0.882
0.882
0.596
0.596
0.851
0.851
0.675
0.675
0.628
0.628
0.655
0.655
0.799
0.799
0.525
0.525
0.723
0.723
0.87
0.87
0.462
0.462
0.776
0.776
0.509
0.509
0.474
0.474
0.773
0.773
0.747
0.747
0.744
0.744
0.609
0.609
0.862
0.862
0.443
0.443
0.404
0.404
0.644
0.644
0.484
0.484
0.779
0.779
0.411
0.411
0.789
0.789
0.678
0.678
0.508
0.508
0.59
0.59
0.704
0.704
0.367
0.367
0.593
0.593
0.723
0.723
0.511
0.511
0.642
0.642
0.611
0.611
0.515
0.515
0.582
0.582
0.576
0.576
0.54
0.54
0.735
0.735
0.679
0.679
0.738
0.738
0.7
0.7
0.491
0.491
0.788
0.788
0.838
0.838
0.784
0.784
0.942
0.942
0.754
0.754
0.567
0.567
0.305
0.305
0.451
0.451
0.748
0.748
0.676
0.676
0.441
0.441
0.721
0.721
0.675
0.675
0.756
0.756
0.49
0.49
0.671
0.671
0.739
0.739
0.663
0.663
0.779
0.779
0.561
0.561
0.839
0.839
0.797
0.797
0.684
0.684
0.695
0.695
0.584
0.584
0.606
0.606
0.764
0.764
0.564
0.564
0.677
0.677
0.717
0.717
0.641
0.641
0.594
0.594
0.526
0.526
0.632
0.632
0.693
0.693
0.832
0.832
0.689
0.689
0.799
0.799
0.536
0.536
0.656
0.656
0.752
0.752
0.449
0.449
0.809
0.809
0.411
0.411
0.619
0.619
0.545
0.545
0.561
0.561
0.503
0.503
0.557
0.557
0.768
0.768
0.511
0.511
0.628
0.628
0.884
0.884
0.701
0.701
0.73
0.73
0.58
0.58
0.569
0.569
0.648
0.648
0.696
0.696
0.843
0.843
0.58
0.58
0.403
0.403
0.774
0.774
0.58
0.58
0.742
0.742
0.56
0.56
0.833
0.833
0.704
0.704
0.58
0.58
0.575
0.575
0.699
0.699
0.607
0.607
0.734
0.734
0.925
0.925
0.598
0.598
0.372
0.372
0.341
0.341
0.369
0.369
0.684
0.684
0.735
0.735
0.72
0.72
0.319
0.319
0.673
0.673
0.613
0.613
0.885
0.885
0.772
0.772
0.287
0.287
0.53
0.53
0.408
0.408
0.553
0.553
0.768
0.768
0.379
0.379
0.551
0.551
0.385
0.385
0.683
0.683
0.809
0.809
0.742
0.742
0.714
0.714
0.62
0.62
0.42
0.42
0.163
0.163
0.684
0.684
0.535
0.535
0.189
0.189
0.819
0.819
0.567
0.567
0.372
0.372
0.573
0.573
0.437
0.437
0.626
0.626
0.534
0.534
0.659
0.659
0.406
0.406
0.873
0.873
0.323
0.323
0.875
0.875
0.803
0.803
0.456
0.456
0.71
0.71
0.382
0.382
0.803
0.803
0.615
0.615
0.531
0.531
0.761
0.761
0.568
0.568
0.59
0.59
0.65
0.65
0.646
0.646
0.421
0.421
0.707
0.707
0.575
0.575
0.797
0.797
0.977
0.977
0.816
0.816
0.335
0.335
0.524
0.524
0.427
0.427
0.553
0.553
0.611
0.611
0.781
0.781
0.468
0.468
0.513
0.513
0.635
0.635
0.509
0.509
0.769
0.769
0.585
0.585
0.633
0.633
0.594
0.594
0.339
0.339
0.676
0.676
0.702
0.702
0.655
0.655
0.511
0.511
0.402
0.402
0.531
0.531
0.776
0.776
0.691
0.691
0.728
0.728
0.735
0.735
0.692
0.692
0.681
0.681
0.707
0.707
0.513
0.513
0.517
0.517
0.594
0.594
0.787
0.787
0.289
0.289
0.807
0.807
0.658
0.658
0.619
0.619
0.386
0.386
0.803
0.803
0.606
0.606
0.906
0.906
0.739
0.739
0.641
0.641
0.712
0.712
0.263
0.263
0.673
0.673
0.51
0.51
0.564
0.564
0.607
0.607
0.619
0.619
0.683
0.683
0.582
0.582
0.708
0.708
0.429
0.429
0.839
0.839
0.688
0.688
0.427
0.427
0.77
0.77
0.542
0.542
0.47
0.47
0.454
0.454
0.507
0.507
0.765
0.765
0.882
0.882
0.248
0.248
0.664
0.664
0.659
0.659
0.57
0.57
0.547
0.547
0.583
0.583
0.427
0.427
0.507
0.507
0.517
0.517
0.252
0.252
0.537
0.537
0.692
0.692
0.615
0.615
0.772
0.772
0.612
0.612
0.595
0.595
0.609
0.609
0.632
0.632
0.564
0.564
0.521
0.521
0.723
0.723
0.571
0.571
0.504
0.504
0.659
0.659
0.721
0.721
0.41
0.41
0.41
0.41
0.518
0.518
0.294
0.294
0.571
0.571
0.415
0.415
0.458
0.458
0.678
0.678
0.396
0.396
0.456
0.456
0.769
0.769
0.457
0.457
0.723
0.723
0.587
0.587
0.776
0.776
0.23
0.23
0.643
0.643
0.824
0.824
0.671
0.671
0.597
0.597
0.641
0.641
0.621
0.621
0.751
0.751
0.61
0.61
0.458
0.458
0.528
0.528
0.756
0.756
0.764
0.764
0.363
0.363
0.583
0.583
0.616
0.616
0.307
0.307
0.399
0.399
0.728
0.728
0.706
0.706
0.314
0.314
0.371
0.371
0.805
0.805
0.573
0.573
0.68
0.68
0.499
0.499
0.539
0.539
0.546
0.546
0.429
0.429
0.475
0.475
0.605
0.605
0.624
0.624
0.854
0.854
0.971
0.971
0.538
0.538
0.526
0.526
0.39
0.39
0.638
0.638
0.426
0.426
0.625
0.625
0.986
0.986
0.331
0.331
0.536
0.536
0.873
0.873
0.532
0.532
0.575
0.575
0.389
0.389
0.561
0.561
0.823
0.823
0.835
0.835
0.625
0.625
0.604
0.604
0.546
0.546
0.695
0.695
0.799
0.799
0.508
0.508
0.681
0.681
0.668
0.668
0.77
0.77
0.636
0.636
0.34
0.34
0.429
0.429
0.638
0.638
0.368
0.368
0.48
0.48
0.341
0.341
0.598
0.598
0.501
0.501
0.257
0.257
0.65
0.65
0.335
0.335
0.629
0.629
0.544
0.544
0.59
0.59
0.444
0.444
0.322
0.322
0.255
0.255
0.411
0.411
0.432
0.432
0.542
0.542
0.556
0.556
0.721
0.721
0.512
0.512
0.683
0.683
0.798
0.798
0.552
0.552
0.424
0.424
0.555
0.555
0.69
0.69
0.54
0.54
0.638
0.638
0.664
0.664
0.483
0.483
0.388
0.388
0.354
0.354
0.354
0.507
0.507
0.62
0.62
0.516
0.516
0.536
0.536
0.441
0.441
0.248
0.248
0.64
0.64
0.412
0.412
0.376
0.376
0.648
0.648
0.454
0.454
0.562
0.562
0.453
0.453
0.535
0.535
0.76
0.76
0.485
0.485
0.371
0.371
0.714
0.714
0.417
0.417
0.542
0.542
0.643
0.643
0.659
0.659
0.411
0.411
0.792
0.792
0.371
0.371
0.709
0.709
0.445
0.445
0.329
0.329
0.555
0.555
0.508
0.508
0.707
0.707
0.854
0.854
0.392
0.392
0.388
0.388
0.756
0.756
0.434
0.434
0.482
0.482
0.486
0.486
0.622
0.622
0.772
0.772
0.346
0.346
0.607
0.607
0.74
0.74
0.855
0.855
0.466
0.466
0.657
0.657
0.55
0.55
0.496
0.496
0.366
0.366
0.744
0.744
0.748
0.748
0.385
0.385
0.417
0.417
0.589
0.589
0.458
0.458
0.236
0.236
0.826
0.826
0.333
0.333
0.383
0.383
0.791
0.791
0.504
0.504
0.481
0.481
0.559
0.559
0.567
0.567
0.713
0.713
0.595
0.595
0.54
0.54
0.588
0.588
0.546
0.546
0.601
0.601
0.414
0.414
0.834
0.834
0.531
0.531
0.35
0.35
0.6
0.6
0.705
0.705
0.868
0.868
0.508
0.508
0.647
0.647
0.47
0.47
0.419
0.419
0.449
0.449
0.4
0.4
0.749
0.749
0.768
0.768
0.57
0.57
0.546
0.546
0.448
0.448
0.431
0.431
0.635
0.635
0.387
0.387
0.694
0.694
0.341
0.341
0.406
0.406
0.368
0.368
0.335
0.335
0.612
0.612
0.805
0.805
0.749
0.749
0.615
0.615
0.613
0.613
0.514
0.514
0.586
0.586
0.697
0.697
0.428
0.428
0.442
0.442
0.568
0.568
0.185
0.185
0.283
0.283
0.685
0.685
0.701
0.701
0.594
0.594
0.551
0.551
0.43
0.43
0.519
0.519
0.286
0.286
0.642
0.642
0.54
0.54
0.573
0.573
0.317
0.317
0.588
0.588
0.325
0.325
0.528
0.528
0.522
0.522
0.6
0.6
0.463
0.463
0.628
0.628
0.239
0.239
0.486
0.486
0.484
0.484
0.416
0.416
0.731
0.731
0.314
0.314
0.65
0.65
0.469
0.469
0.443
0.443
0.417
0.417
0.407
0.407
0.405
0.405
0.456
0.456
0.627
0.627
0.498
0.498
0.812
0.812
0.328
0.328
0.666
0.666
0.63
0.63
0.594
0.594
0.326
0.326
0.273
0.273
0.407
0.407
0.584
0.584
0.48
0.48
0.463
0.463
0.481
0.481
0.477
0.477
0.708
0.708
0.754
0.754
0.63
0.63
0.475
0.475
0.718
0.718
0.283
0.283
0.517
0.517
0.812
0.812
0.509
0.509
0.471
0.471
0.476
0.476
0.326
0.326
0.593
0.593
0.623
0.623
0.45
0.45
0.479
0.479
0.477
0.477
0.664
0.664
0.762
0.762
0.752
0.752
0.649
0.649
0.597
0.597
0.574
0.574
0.539
0.539
0.652
0.652
0.538
0.538
0.667
0.667
0.729
0.729
0.42
0.42
0.483
0.483
0.407
0.407
0.392
0.392
0.663
0.663
0.433
0.433
0.291
0.291
0.726
0.726
0.718
0.718
0.833
0.833
0.445
0.445
0.468
0.468
0.656
0.656
0.535
0.535
0.553
0.553
0.305
0.305
0.527
0.527
0.502
0.502
0.7
0.7
0.676
0.676
0.567
0.567
0.647
0.647
0.688
0.688
0.709
0.709
0.515
0.515
0.393
0.393
0.37
0.37
0.378
0.378
0.707
0.707
0.298
0.298
0.592
0.592
0.609
0.609
0.264
0.264
0.473
0.473
0.457
0.457
0.684
0.684
0.509
0.509
0.5
0.5
0.632
0.632
0.44
0.44
0.607
0.607
0.453
0.453
0.666
0.666
0.669
0.669
0.543
0.543
0.407
0.407
0.563
0.563
0.55
0.55
0.461
0.461
0.545
0.545
0.597
0.597
0.553
0.553
0.605
0.605
0.572
0.572
0.55
0.55
0.688
0.688
0.455
0.455
0.619
0.619
0.301
0.301
0.648
0.648
0.592
0.592
0.279
0.279
0.5
0.5
0.45
0.45
0.59
0.59
0.467
0.467
0.352
0.352
0.546
0.546
0.547
0.547
0.458
0.458
0.523
0.523
0.309
0.309
0.469
0.469
0.528
0.528
0.614
0.614
0.447
0.447
0.441
0.441
0.349
0.349
0.676
0.676
0.448
0.448
0.525
0.525
0.592
0.592
0.663
0.663
0.69
0.69
0.403
0.403
0.573
0.573
0.55
0.55
0.364
0.364
0.76
0.76
0.575
0.575
0.277
0.277
0.639
0.639
0.591
0.591
0.446
0.446
0.693
0.693
0.71
0.71
0.628
0.628
0.349
0.349
0.379
0.379
0.566
0.566
0.206
0.206
0.417
0.417
0.705
0.705
0.668
0.668
0.663
0.663
0.682
0.682
0.521
0.521
0.574
0.574
0.269
0.269
0.462
0.462
0.636
0.636
0.616
0.616
0.309
0.309
0.57
0.57
0.606
0.606
0.57
0.57
0.32
0.32
0.4
0.4
0.642
0.642
0.631
0.631
0.651
0.651
0.288
0.288
0.487
0.487
0.549
0.549
0.554
0.554
0.527
0.527
0.405
0.405
0.409
0.409
0.506
0.506
0.615
0.615
0.549
0.549
0.473
0.473
0.576
0.576
0.807
0.807
0.31
0.31
0.588
0.588
0.433
0.433
0.298
0.298
0.589
0.589
0.342
0.342
0.254
0.254
0.534
0.534
0.692
0.692
0.491
0.491
0.497
0.497
0.58
0.58
0.777
0.777
0.21
0.21
0.554
0.554
0.63
0.63
0.481
0.481
0.501
0.501
0.605
0.605
0.389
0.389
0.379
0.379
0.459
0.459
0.387
0.387
0.505
0.505
0.601
0.601
0.197
0.197
0.514
0.514
0.501
0.501
0.687
0.687
0.389
0.389
0.556
0.556
0.409
0.409
0.344
0.344
0.404
0.404
0.495
0.495
0.308
0.308
0.733
0.733
0.364
0.364
0.614
0.614
0.489
0.489
0.713
0.713
0.577
0.577
0.278
0.278
0.646
0.646
0.413
0.413
0.546
0.546
0.732
0.732
0.332
0.332
0.654
0.654
0.655
0.655
0.468
0.468
0.272
0.272
0.568
0.568
0.45
0.45
0.418
0.418
0.516
0.516
0.459
0.459
0.58
0.58
0.466
0.466
0.538
0.538
0.394
0.394
0.604
0.604
0.446
0.446
0.389
0.389
0.502
0.502
0.376
0.376
0.481
0.481
0.463
0.463
0.44
0.44
0.693
0.693
0.423
0.423
